<?xml version="1.0" encoding="UTF-8"?>
<!-- Generated by org.testng.reporters.JUnitReportReporter -->
<testsuite hostname="Abhishek" failures="0" tests="1" name="TestCases.CreateCompany" time="84.951" errors="0" timestamp="12 Dec 2018 19:36:19 GMT" skipped="0">
  <testcase classname="TestCases.CreateCompany" name="Verify_Create_Company_page_With_Enter_Valid_Data" time="84.951"/>
</testsuite> <!-- TestCases.CreateCompany -->
