<?xml version="1.0" encoding="UTF-8"?>
<!-- Generated by org.testng.reporters.JUnitReportReporter -->
<testsuite skipped="0" hostname="DESKTOP-Q2GRUGF" name="TestCases.CreateUsers" tests="1" failures="0" timestamp="14 Dec 2018 13:17:44 GMT" time="918.897" errors="0">
  <testcase name="Verify_Create_User_page_With_Enter_Valid_Data" time="918.897" classname="TestCases.CreateUsers"/>
</testsuite> <!-- TestCases.CreateUsers -->
